time="2022-10-06T12:46:19+03:00" level=info msg="create router" func="main.main()" file="app.go:15"
time="2022-10-06T12:46:19+03:00" level=info msg="register user handler" func="main.main()" file="app.go:18"
time="2022-10-06T12:48:40+03:00" level=info msg="create router" func="main.main()" file="app.go:14"
time="2022-10-06T12:48:40+03:00" level=info msg="register user handler" func="main.main()" file="app.go:17"
time="2022-10-06T12:48:40+03:00" level=info msg="start application" func="main.start()" file="app.go:27"
time="2022-10-06T12:48:40+03:00" level=info msg="server is listening port 0.0.0.0:1234" func="main.start()" file="app.go:39"
time="2022-10-07T18:04:40+03:00" level=info msg="create router" func="main.main()" file="app.go:19"
time="2022-10-07T18:04:40+03:00" level=info msg="read application configuration" func="rest-api/internal/config.GetConfig.func1()" file="config.go:24"
time="2022-10-07T18:04:40+03:00" level=info msg="register user handler" func="main.main()" file="app.go:24"
time="2022-10-07T18:04:40+03:00" level=info msg="start application" func="main.start()" file="app.go:33"
time="2022-10-07T18:04:40+03:00" level=info msg="listen tcp" func="main.start()" file="app.go:51"
time="2022-10-07T18:04:40+03:00" level=info msg="server is listening port 0.0.0.0:10000" func="main.start()" file="app.go:65"
time="2022-10-07T18:11:17+03:00" level=info msg="create router" func="main.main()" file="app.go:19"
time="2022-10-07T18:11:17+03:00" level=info msg="read application configuration" func="rest-api/internal/config.GetConfig.func1()" file="config.go:24"
time="2022-10-07T18:11:17+03:00" level=info msg="register user handler" func="main.main()" file="app.go:24"
time="2022-10-07T18:11:17+03:00" level=info msg="start application" func="main.start()" file="app.go:33"
time="2022-10-07T18:11:17+03:00" level=info msg="listen tcp" func="main.start()" file="app.go:51"
time="2022-10-07T18:11:17+03:00" level=info msg="server is listening port 0.0.0.0:10000" func="main.start()" file="app.go:53"
time="2022-10-07T18:12:09+03:00" level=info msg="create router" func="main.main()" file="app.go:19"
time="2022-10-07T18:12:09+03:00" level=info msg="read application configuration" func="rest-api/internal/config.GetConfig.func1()" file="config.go:24"
time="2022-10-07T18:12:09+03:00" level=info msg="register user handler" func="main.main()" file="app.go:24"
time="2022-10-07T18:12:09+03:00" level=info msg="start application" func="main.start()" file="app.go:33"
time="2022-10-07T18:12:09+03:00" level=info msg="detect app path" func="main.start()" file="app.go:39"
time="2022-10-07T18:12:09+03:00" level=info msg="create socket" func="main.start()" file="app.go:44"
time="2022-10-07T18:12:09+03:00" level=info msg="listen unix socket" func="main.start()" file="app.go:47"
time="2022-10-07T18:12:09+03:00" level=info msg="server is listening unix socket: C:\\Users\\naz_a\\Dev\\rest-api\\build/app.sock" func="main.start()" file="app.go:49"
